2016-02-21--->>茶叶蛋;
2016-02-21--->>茶;
2016-02-21--->>茶;
2016-02-21--->>茶;
2016-02-21--->>茶;
2016-02-21--->>茶;
2016-02-21--->>茶;
2016-02-21--->>茶;
2016-02-21--->>茶;
2016-02-21--->>茶;
2016-02-21--->>茶;
2016-02-21--->>茶;
2016-02-21--->>茶;
2016-02-21--->>茶;
2016-02-21--->>茶;
2016-02-21--->>茶;
2016-02-21--->>茶;
2016-02-21--->>茶;
2016-02-21--->>茶;
2016-02-21--->>茶;
2016-02-21--->>茶;
2016-02-21--->>茶;
2016-02-21--->>茶;
2016-02-21--->>茶;
2016-02-21--->>冰淇淋;
2016-02-21--->>红烧肉;
2016-02-21--->>红烧肉;
2016-02-23--->>红烧肉;
2016-02-23--->>红烧肉;
2016-02-23--->>红烧肉;
2016-02-23--->>红烧肉;
2016-02-23--->>土豆;
2016-02-24--->>土豆丝;
2016-02-24--->>红烧鸡;
2016-02-24--->>可乐鸡翅;
